[19:01:39] [main/INFO]: Setting user: Player948
[19:01:40] [Client thread/INFO]: LWJGL Version: 2.9.1
[19:01:51] [Client thread/INFO]: Reloading ResourceManager: Default, FMLFileResourcePack:Forge Mod Loader, FMLFileResourcePack:Minecraft Forge, FMLFileResourcePack:Blink
[19:01:52] [Sound Library Loader/INFO]: Sound engine started
[19:02:02] [Client thread/INFO]: Created: 16x16 textures/blocks-atlas
[19:02:02] [Client thread/INFO]: Created: 16x16 textures/items-atlas
[19:02:02] [Client thread/INFO]: Reloading ResourceManager: Default, FMLFileResourcePack:Forge Mod Loader, FMLFileResourcePack:Minecraft Forge, FMLFileResourcePack:Blink
[19:02:02] [Client thread/INFO]: Created: 512x256 textures/blocks-atlas
[19:02:03] [Client thread/INFO]: Created: 512x256 textures/items-atlas
[19:02:03] [Sound Library Loader/INFO]: Sound engine started
[19:02:06] [Server thread/INFO]: Starting integrated minecraft server version 1.7.10
[19:02:06] [Server thread/INFO]: Generating keypair
[19:02:07] [Server thread/INFO]: Preparing start region for level 0
[19:02:07] [Server thread/INFO]: Changing view distance to 12, from 10
[19:02:08] [Server thread/INFO]: Player948[local:E:396f3afe] logged in with entity id 31 at (-449.3645602346269, 1.0, -692.1805338786465)
[19:02:08] [Server thread/INFO]: Player948 joined the game
[19:02:38] [Server thread/INFO]: Saving and pausing game...
[19:02:38] [Server thread/INFO]: Saving chunks for level 'New World'/Overworld
[19:02:38] [Server thread/INFO]: Saving chunks for level 'New World'/Nether
[19:02:38] [Server thread/INFO]: Saving chunks for level 'New World'/The End
[19:02:39] [Server thread/INFO]: Stopping server
[19:02:39] [Server thread/INFO]: Saving players
[19:02:39] [Server thread/INFO]: Saving worlds
[19:02:39] [Server thread/INFO]: Saving chunks for level 'New World'/Overworld
[19:02:39] [Server thread/INFO]: Saving chunks for level 'New World'/Nether
[19:02:39] [Server thread/INFO]: Saving chunks for level 'New World'/The End
[19:02:41] [Server thread/INFO]: Starting integrated minecraft server version 1.7.10
[19:02:41] [Server thread/INFO]: Generating keypair
[19:02:41] [Server thread/INFO]: Preparing start region for level 0
[19:02:42] [Server thread/INFO]: Changing view distance to 12, from 10
[19:02:42] [Server thread/INFO]: Player948[local:E:b41a0fa1] logged in with entity id 100117 at (-98.17371579593986, 71.1116330269739, 217.00176368184148)
[19:02:42] [Server thread/INFO]: Player948 joined the game
[19:03:13] [Server thread/INFO]: Player948 has just earned the achievement [Taking Inventory]
[19:03:13] [Client thread/INFO]: [CHAT] Player948 has just earned the achievement [Taking Inventory]
[19:04:38] [Server thread/INFO]: Saving and pausing game...
[19:04:38] [Server thread/INFO]: Saving chunks for level 'New World'/Overworld
[19:04:38] [Server thread/INFO]: Saving chunks for level 'New World'/Nether
[19:04:38] [Server thread/INFO]: Saving chunks for level 'New World'/The End
[19:04:38] [Server thread/INFO]: Stopping server
[19:04:38] [Server thread/INFO]: Saving players
[19:04:38] [Server thread/INFO]: Saving worlds
[19:04:38] [Server thread/INFO]: Saving chunks for level 'New World'/Overworld
[19:04:38] [Server thread/INFO]: Saving chunks for level 'New World'/Nether
[19:04:38] [Server thread/INFO]: Saving chunks for level 'New World'/The End
